2026-04-25 12:18:27 [main] INFO  Hooks - Starting Scenario: Verify user is able to place order from cart
2026-04-25 12:18:27 [main] INFO  Keyword - Opening browser: chrome
2026-04-25 12:18:34 [main] INFO  HomePage - HomePage initialized
2026-04-25 12:18:34 [main] INFO  HomePage - Entering text in search bar: t-shirt
2026-04-25 12:18:34 [main] INFO  HomePage - Pressing ENTER on search bar
2026-04-25 12:18:37 [main] DEBUG Waits - Waiting for page to load
2026-04-25 12:18:37 [main] DEBUG Waits - Page loaded successfully
2026-04-25 12:18:37 [main] DEBUG Waits - Waiting for page to load
2026-04-25 12:18:39 [main] DEBUG Waits - Page loaded successfully
2026-04-25 12:18:39 [main] INFO  Waits - Attempting safe click on WebElement
2026-04-25 12:18:39 [main] DEBUG Waits - Scrolling to element
2026-04-25 12:18:39 [main] INFO  Waits - Click successful on WebElement
2026-04-25 12:18:39 [main] DEBUG Waits - Waiting for page to load
2026-04-25 12:18:39 [main] DEBUG Waits - Page loaded successfully
2026-04-25 12:18:39 [main] INFO  Waits - Attempting safe click on WebElement
2026-04-25 12:18:39 [main] DEBUG Waits - Scrolling to element
2026-04-25 12:18:40 [main] WARN  Waits - Standard click failed, trying JS click on WebElement
2026-04-25 12:18:41 [main] INFO  Waits - JS click successful on WebElement
2026-04-25 12:19:04 [main] INFO  Hooks - Ending Scenario: Verify user is able to place order from cart
2026-04-25 12:19:04 [main] INFO  Keyword - Screenshot saved at: C:\Users\simranjeet.gujral\Downloads\SinghFramework\MyntraProject\screenshots\failed\Verify_user_is_able_to_place_order_from_cart_20260425_121904.png
2026-04-25 12:19:04 [main] INFO  Keyword - Browser closed successfully
2026-04-25 12:19:04 [main] INFO  Hooks - Starting Scenario: Verify user can click place order multiple times
2026-04-25 12:19:04 [main] INFO  Keyword - Opening browser: chrome
2026-04-25 12:19:09 [main] INFO  HomePage - HomePage initialized
2026-04-25 12:19:09 [main] INFO  HomePage - Entering text in search bar: t-shirt
2026-04-25 12:19:09 [main] INFO  HomePage - Pressing ENTER on search bar
2026-04-25 12:19:11 [main] DEBUG Waits - Waiting for page to load
2026-04-25 12:19:11 [main] DEBUG Waits - Page loaded successfully
2026-04-25 12:19:11 [main] DEBUG Waits - Waiting for page to load
2026-04-25 12:19:13 [main] DEBUG Waits - Page loaded successfully
2026-04-25 12:19:13 [main] INFO  Waits - Attempting safe click on WebElement
2026-04-25 12:19:13 [main] DEBUG Waits - Scrolling to element
2026-04-25 12:19:13 [main] INFO  Waits - Click successful on WebElement
2026-04-25 12:19:13 [main] DEBUG Waits - Waiting for page to load
2026-04-25 12:19:13 [main] DEBUG Waits - Page loaded successfully
2026-04-25 12:19:13 [main] INFO  Waits - Attempting safe click on WebElement
2026-04-25 12:19:13 [main] DEBUG Waits - Scrolling to element
2026-04-25 12:19:14 [main] WARN  Waits - Standard click failed, trying JS click on WebElement
2026-04-25 12:19:14 [main] INFO  Waits - JS click successful on WebElement
2026-04-25 12:19:47 [main] INFO  Hooks - Ending Scenario: Verify user can click place order multiple times
2026-04-25 12:19:48 [main] INFO  Keyword - Screenshot saved at: C:\Users\simranjeet.gujral\Downloads\SinghFramework\MyntraProject\screenshots\failed\Verify_user_can_click_place_order_multiple_times_20260425_121948.png
2026-04-25 12:19:48 [main] INFO  Keyword - Browser closed successfully
2026-04-25 12:19:48 [main] INFO  Hooks - Starting Scenario: Verify page loads before placing order
2026-04-25 12:19:48 [main] INFO  Keyword - Opening browser: chrome
2026-04-25 12:19:51 [main] INFO  HomePage - HomePage initialized
2026-04-25 12:19:51 [main] INFO  HomePage - Entering text in search bar: t-shirt
2026-04-25 12:19:51 [main] INFO  HomePage - Pressing ENTER on search bar
2026-04-25 12:19:55 [main] DEBUG Waits - Waiting for page to load
2026-04-25 12:19:55 [main] DEBUG Waits - Page loaded successfully
2026-04-25 12:19:55 [main] DEBUG Waits - Waiting for page to load
2026-04-25 12:19:57 [main] DEBUG Waits - Page loaded successfully
2026-04-25 12:19:57 [main] INFO  Waits - Attempting safe click on WebElement
2026-04-25 12:19:57 [main] DEBUG Waits - Scrolling to element
2026-04-25 12:19:57 [main] INFO  Waits - Click successful on WebElement
2026-04-25 12:19:57 [main] DEBUG Waits - Waiting for page to load
2026-04-25 12:19:57 [main] DEBUG Waits - Page loaded successfully
2026-04-25 12:19:57 [main] INFO  Waits - Attempting safe click on WebElement
2026-04-25 12:19:57 [main] DEBUG Waits - Scrolling to element
2026-04-25 12:19:59 [main] WARN  Waits - Standard click failed, trying JS click on WebElement
2026-04-25 12:19:59 [main] INFO  Waits - JS click successful on WebElement
2026-04-25 12:20:12 [main] INFO  Hooks - Ending Scenario: Verify page loads before placing order
2026-04-25 12:20:12 [main] INFO  Keyword - Screenshot saved at: C:\Users\simranjeet.gujral\Downloads\SinghFramework\MyntraProject\screenshots\passed\Verify_page_loads_before_placing_order_20260425_122012.png
2026-04-25 12:20:12 [main] INFO  Keyword - Browser closed successfully
2026-04-25 12:20:12 [main] INFO  Hooks - Starting Scenario: Verify place order button is clickable
2026-04-25 12:20:12 [main] INFO  Keyword - Opening browser: chrome
2026-04-25 12:20:18 [main] INFO  HomePage - HomePage initialized
2026-04-25 12:20:18 [main] INFO  HomePage - Entering text in search bar: t-shirt
2026-04-25 12:20:19 [main] INFO  HomePage - Pressing ENTER on search bar
2026-04-25 12:20:20 [main] DEBUG Waits - Waiting for page to load
2026-04-25 12:20:20 [main] DEBUG Waits - Page loaded successfully
2026-04-25 12:20:21 [main] DEBUG Waits - Waiting for page to load
2026-04-25 12:20:23 [main] DEBUG Waits - Page loaded successfully
2026-04-25 12:20:23 [main] INFO  Waits - Attempting safe click on WebElement
2026-04-25 12:20:23 [main] DEBUG Waits - Scrolling to element
2026-04-25 12:20:23 [main] INFO  Waits - Click successful on WebElement
2026-04-25 12:20:23 [main] DEBUG Waits - Waiting for page to load
2026-04-25 12:20:23 [main] DEBUG Waits - Page loaded successfully
2026-04-25 12:20:23 [main] INFO  Waits - Attempting safe click on WebElement
2026-04-25 12:20:23 [main] DEBUG Waits - Scrolling to element
2026-04-25 12:20:24 [main] WARN  Waits - Standard click failed, trying JS click on WebElement
2026-04-25 12:20:24 [main] INFO  Waits - JS click successful on WebElement
2026-04-25 12:20:47 [main] INFO  Hooks - Ending Scenario: Verify place order button is clickable
2026-04-25 12:20:48 [main] INFO  Keyword - Screenshot saved at: C:\Users\simranjeet.gujral\Downloads\SinghFramework\MyntraProject\screenshots\passed\Verify_place_order_button_is_clickable_20260425_122048.png
2026-04-25 12:20:48 [main] INFO  Keyword - Browser closed successfully
2026-04-25 12:20:48 [main] INFO  Hooks - Starting Scenario: Verify user refresh and place order
2026-04-25 12:20:48 [main] INFO  Keyword - Opening browser: chrome
2026-04-25 12:20:54 [main] INFO  HomePage - HomePage initialized
2026-04-25 12:20:54 [main] INFO  HomePage - Entering text in search bar: t-shirt
2026-04-25 12:20:54 [main] INFO  HomePage - Pressing ENTER on search bar
2026-04-25 12:20:56 [main] DEBUG Waits - Waiting for page to load
2026-04-25 12:20:56 [main] DEBUG Waits - Page loaded successfully
2026-04-25 12:20:56 [main] DEBUG Waits - Waiting for page to load
2026-04-25 12:20:59 [main] DEBUG Waits - Page loaded successfully
2026-04-25 12:20:59 [main] INFO  Waits - Attempting safe click on WebElement
2026-04-25 12:20:59 [main] DEBUG Waits - Scrolling to element
2026-04-25 12:20:59 [main] INFO  Waits - Click successful on WebElement
2026-04-25 12:20:59 [main] DEBUG Waits - Waiting for page to load
2026-04-25 12:20:59 [main] DEBUG Waits - Page loaded successfully
2026-04-25 12:20:59 [main] INFO  Waits - Attempting safe click on WebElement
2026-04-25 12:20:59 [main] DEBUG Waits - Scrolling to element
2026-04-25 12:21:00 [main] WARN  Waits - Standard click failed, trying JS click on WebElement
2026-04-25 12:21:00 [main] INFO  Waits - JS click successful on WebElement
2026-04-25 12:21:25 [main] INFO  Hooks - Ending Scenario: Verify user refresh and place order
2026-04-25 12:21:25 [main] INFO  Keyword - Screenshot saved at: C:\Users\simranjeet.gujral\Downloads\SinghFramework\MyntraProject\screenshots\failed\Verify_user_refresh_and_place_order_20260425_122125.png
2026-04-25 12:21:25 [main] INFO  Keyword - Browser closed successfully
2026-04-25 12:21:25 [main] INFO  Hooks - Starting Scenario: Verify navigation back to cart and place order
2026-04-25 12:21:25 [main] INFO  Keyword - Opening browser: chrome
2026-04-25 12:21:29 [main] INFO  HomePage - HomePage initialized
2026-04-25 12:21:29 [main] INFO  HomePage - Entering text in search bar: t-shirt
2026-04-25 12:21:30 [main] INFO  HomePage - Pressing ENTER on search bar
2026-04-25 12:21:31 [main] DEBUG Waits - Waiting for page to load
2026-04-25 12:21:31 [main] DEBUG Waits - Page loaded successfully
2026-04-25 12:21:32 [main] DEBUG Waits - Waiting for page to load
2026-04-25 12:21:34 [main] DEBUG Waits - Page loaded successfully
2026-04-25 12:21:34 [main] INFO  Waits - Attempting safe click on WebElement
2026-04-25 12:21:34 [main] DEBUG Waits - Scrolling to element
2026-04-25 12:21:34 [main] INFO  Waits - Click successful on WebElement
2026-04-25 12:21:34 [main] DEBUG Waits - Waiting for page to load
2026-04-25 12:21:34 [main] DEBUG Waits - Page loaded successfully
2026-04-25 12:21:34 [main] INFO  Waits - Attempting safe click on WebElement
2026-04-25 12:21:34 [main] DEBUG Waits - Scrolling to element
2026-04-25 12:21:35 [main] WARN  Waits - Standard click failed, trying JS click on WebElement
2026-04-25 12:21:35 [main] INFO  Waits - JS click successful on WebElement
2026-04-25 12:22:00 [main] INFO  Hooks - Ending Scenario: Verify navigation back to cart and place order
2026-04-25 12:22:00 [main] INFO  Keyword - Screenshot saved at: C:\Users\simranjeet.gujral\Downloads\SinghFramework\MyntraProject\screenshots\failed\Verify_navigation_back_to_cart_and_place_order_20260425_122200.png
2026-04-25 12:22:01 [main] INFO  Keyword - Browser closed successfully
2026-04-25 12:22:01 [main] INFO  Hooks - Starting Scenario: Verify user performs only navigation
2026-04-25 12:22:01 [main] INFO  Keyword - Opening browser: chrome
2026-04-25 12:22:05 [main] INFO  HomePage - HomePage initialized
2026-04-25 12:22:05 [main] INFO  HomePage - Entering text in search bar: t-shirt
2026-04-25 12:22:05 [main] INFO  HomePage - Pressing ENTER on search bar
2026-04-25 12:22:07 [main] DEBUG Waits - Waiting for page to load
2026-04-25 12:22:07 [main] DEBUG Waits - Page loaded successfully
2026-04-25 12:22:07 [main] DEBUG Waits - Waiting for page to load
2026-04-25 12:22:09 [main] DEBUG Waits - Page loaded successfully
2026-04-25 12:22:09 [main] INFO  Waits - Attempting safe click on WebElement
2026-04-25 12:22:09 [main] DEBUG Waits - Scrolling to element
2026-04-25 12:22:10 [main] INFO  Waits - Click successful on WebElement
2026-04-25 12:22:10 [main] DEBUG Waits - Waiting for page to load
2026-04-25 12:22:10 [main] DEBUG Waits - Page loaded successfully
2026-04-25 12:22:10 [main] INFO  Waits - Attempting safe click on WebElement
2026-04-25 12:22:10 [main] DEBUG Waits - Scrolling to element
2026-04-25 12:22:11 [main] WARN  Waits - Standard click failed, trying JS click on WebElement
2026-04-25 12:22:11 [main] INFO  Waits - JS click successful on WebElement
2026-04-25 12:22:26 [main] INFO  Hooks - Ending Scenario: Verify user performs only navigation
2026-04-25 12:22:26 [main] INFO  Keyword - Screenshot saved at: C:\Users\simranjeet.gujral\Downloads\SinghFramework\MyntraProject\screenshots\passed\Verify_user_performs_only_navigation_20260425_122226.png
2026-04-25 12:22:27 [main] INFO  Keyword - Browser closed successfully
2026-04-25 12:22:27 [main] INFO  Hooks - Starting Scenario: Verify user performs only refresh
2026-04-25 12:22:27 [main] INFO  Keyword - Opening browser: chrome
2026-04-25 12:22:32 [main] INFO  HomePage - HomePage initialized
2026-04-25 12:22:32 [main] INFO  HomePage - Entering text in search bar: t-shirt
2026-04-25 12:22:32 [main] INFO  HomePage - Pressing ENTER on search bar
2026-04-25 12:22:34 [main] DEBUG Waits - Waiting for page to load
2026-04-25 12:22:34 [main] DEBUG Waits - Page loaded successfully
2026-04-25 12:22:35 [main] DEBUG Waits - Waiting for page to load
2026-04-25 12:22:37 [main] DEBUG Waits - Page loaded successfully
2026-04-25 12:22:37 [main] INFO  Waits - Attempting safe click on WebElement
2026-04-25 12:22:37 [main] DEBUG Waits - Scrolling to element
2026-04-25 12:22:37 [main] INFO  Waits - Click successful on WebElement
2026-04-25 12:22:37 [main] DEBUG Waits - Waiting for page to load
2026-04-25 12:22:37 [main] DEBUG Waits - Page loaded successfully
2026-04-25 12:22:37 [main] INFO  Waits - Attempting safe click on WebElement
2026-04-25 12:22:37 [main] DEBUG Waits - Scrolling to element
2026-04-25 12:22:38 [main] WARN  Waits - Standard click failed, trying JS click on WebElement
2026-04-25 12:22:38 [main] INFO  Waits - JS click successful on WebElement
2026-04-25 12:22:52 [main] INFO  Hooks - Ending Scenario: Verify user performs only refresh
2026-04-25 12:22:52 [main] INFO  Keyword - Screenshot saved at: C:\Users\simranjeet.gujral\Downloads\SinghFramework\MyntraProject\screenshots\passed\Verify_user_performs_only_refresh_20260425_122252.png
2026-04-25 12:22:53 [main] INFO  Keyword - Browser closed successfully
2026-04-25 12:22:53 [main] INFO  Hooks - Starting Scenario: Verify user can navigate to Topwear
2026-04-25 12:22:53 [main] INFO  Keyword - Opening browser: chrome
2026-04-25 12:22:57 [main] INFO  HomeSteps - STEP: Browser opened and home page launched
2026-04-25 12:22:57 [main] INFO  HomePage - HomePage initialized
2026-04-25 12:22:57 [main] INFO  HomePage - Navigating to Topwear section
2026-04-25 12:23:17 [main] INFO  HomePage - Popup not present
2026-04-25 12:23:18 [main] INFO  Waits - Attempting safe click on locator: By.xpath: //a[text()='Topwear']
2026-04-25 12:23:18 [main] DEBUG Waits - Pausing execution for 1 seconds
2026-04-25 12:23:19 [main] DEBUG Waits - Waiting for visibility of element: By.xpath: //a[text()='Topwear']
2026-04-25 12:23:19 [main] DEBUG Waits - Waiting for element to be clickable: By.xpath: //a[text()='Topwear']
2026-04-25 12:23:19 [main] DEBUG Waits - Scrolling to element
2026-04-25 12:23:21 [main] INFO  Waits - Click successful: By.xpath: //a[text()='Topwear']
2026-04-25 12:23:21 [main] DEBUG Waits - Waiting for page to load
2026-04-25 12:23:21 [main] DEBUG Waits - Page loaded successfully
2026-04-25 12:23:21 [main] INFO  HomePage - Current URL: https://www.myntra.com/men-topwear
2026-04-25 12:23:21 [main] INFO  Hooks - Ending Scenario: Verify user can navigate to Topwear
2026-04-25 12:23:21 [main] INFO  Keyword - Screenshot saved at: C:\Users\simranjeet.gujral\Downloads\SinghFramework\MyntraProject\screenshots\passed\Verify_user_can_navigate_to_Topwear_20260425_122321.png
2026-04-25 12:23:22 [main] INFO  Keyword - Browser closed successfully
2026-04-25 12:23:22 [main] INFO  Hooks - Starting Scenario: Verify user can apply filters
2026-04-25 12:23:22 [main] INFO  Keyword - Opening browser: chrome
2026-04-25 12:23:27 [main] INFO  HomeSteps - STEP: Browser opened and home page launched
2026-04-25 12:23:27 [main] INFO  HomePage - HomePage initialized
2026-04-25 12:23:27 [main] INFO  HomePage - Navigating to Topwear section
2026-04-25 12:23:48 [main] INFO  HomePage - Popup not present
2026-04-25 12:23:48 [main] INFO  Waits - Attempting safe click on locator: By.xpath: //a[text()='Topwear']
2026-04-25 12:23:48 [main] DEBUG Waits - Pausing execution for 1 seconds
2026-04-25 12:23:49 [main] DEBUG Waits - Waiting for visibility of element: By.xpath: //a[text()='Topwear']
2026-04-25 12:23:49 [main] DEBUG Waits - Waiting for element to be clickable: By.xpath: //a[text()='Topwear']
2026-04-25 12:23:49 [main] DEBUG Waits - Scrolling to element
2026-04-25 12:23:50 [main] INFO  Waits - Click successful: By.xpath: //a[text()='Topwear']
2026-04-25 12:23:50 [main] DEBUG Waits - Waiting for page to load
2026-04-25 12:23:50 [main] DEBUG Waits - Page loaded successfully
2026-04-25 12:23:50 [main] INFO  HomePage - Applying filters
2026-04-25 12:23:50 [main] DEBUG Waits - Waiting for page to load
2026-04-25 12:23:50 [main] DEBUG Waits - Page loaded successfully
2026-04-25 12:23:50 [main] INFO  Waits - Attempting safe click on locator: By.xpath: //label[contains(.,'Jackets')]
2026-04-25 12:23:50 [main] DEBUG Waits - Pausing execution for 1 seconds
2026-04-25 12:23:51 [main] DEBUG Waits - Waiting for visibility of element: By.xpath: //label[contains(.,'Jackets')]
2026-04-25 12:23:52 [main] DEBUG Waits - Waiting for element to be clickable: By.xpath: //label[contains(.,'Jackets')]
2026-04-25 12:23:52 [main] DEBUG Waits - Scrolling to element
2026-04-25 12:23:52 [main] INFO  Waits - Click successful: By.xpath: //label[contains(.,'Jackets')]
2026-04-25 12:23:52 [main] INFO  Waits - Attempting safe click on locator: By.xpath: //label[contains(.,'Puma')]
2026-04-25 12:23:52 [main] DEBUG Waits - Pausing execution for 1 seconds
2026-04-25 12:23:53 [main] DEBUG Waits - Waiting for visibility of element: By.xpath: //label[contains(.,'Puma')]
2026-04-25 12:23:53 [main] DEBUG Waits - Waiting for element to be clickable: By.xpath: //label[contains(.,'Puma')]
2026-04-25 12:23:53 [main] DEBUG Waits - Scrolling to element
2026-04-25 12:23:53 [main] INFO  Waits - Click successful: By.xpath: //label[contains(.,'Puma')]
2026-04-25 12:23:53 [main] INFO  Waits - Attempting safe click on locator: By.xpath: //label[contains(.,'Roadster')]
2026-04-25 12:23:53 [main] DEBUG Waits - Pausing execution for 1 seconds
2026-04-25 12:23:54 [main] DEBUG Waits - Waiting for visibility of element: By.xpath: //label[contains(.,'Roadster')]
2026-04-25 12:23:54 [main] DEBUG Waits - Waiting for element to be clickable: By.xpath: //label[contains(.,'Roadster')]
2026-04-25 12:23:54 [main] DEBUG Waits - Scrolling to element
2026-04-25 12:23:54 [main] INFO  Waits - Click successful: By.xpath: //label[contains(.,'Roadster')]
2026-04-25 12:23:54 [main] INFO  HomePage - Filters applied successfully
2026-04-25 12:23:54 [main] INFO  HomePage - Product count: 1
2026-04-25 12:23:54 [main] INFO  Hooks - Ending Scenario: Verify user can apply filters
2026-04-25 12:23:54 [main] INFO  Keyword - Screenshot saved at: C:\Users\simranjeet.gujral\Downloads\SinghFramework\MyntraProject\screenshots\passed\Verify_user_can_apply_filters_20260425_122354.png
2026-04-25 12:23:55 [main] INFO  Keyword - Browser closed successfully
2026-04-25 12:23:55 [main] INFO  Hooks - Starting Scenario: Verify user can open product
2026-04-25 12:23:55 [main] INFO  Keyword - Opening browser: chrome
2026-04-25 12:24:01 [main] INFO  HomeSteps - STEP: Browser opened and home page launched
2026-04-25 12:24:01 [main] INFO  HomePage - HomePage initialized
2026-04-25 12:24:01 [main] INFO  HomePage - Navigating to Topwear section
2026-04-25 12:24:21 [main] INFO  HomePage - Popup not present
2026-04-25 12:24:21 [main] INFO  Waits - Attempting safe click on locator: By.xpath: //a[text()='Topwear']
2026-04-25 12:24:21 [main] DEBUG Waits - Pausing execution for 1 seconds
2026-04-25 12:24:22 [main] DEBUG Waits - Waiting for visibility of element: By.xpath: //a[text()='Topwear']
2026-04-25 12:24:22 [main] DEBUG Waits - Waiting for element to be clickable: By.xpath: //a[text()='Topwear']
2026-04-25 12:24:23 [main] DEBUG Waits - Scrolling to element
2026-04-25 12:24:24 [main] INFO  Waits - Click successful: By.xpath: //a[text()='Topwear']
2026-04-25 12:24:24 [main] DEBUG Waits - Waiting for page to load
2026-04-25 12:24:24 [main] DEBUG Waits - Page loaded successfully
2026-04-25 12:24:24 [main] INFO  HomePage - Opening first product
2026-04-25 12:24:24 [main] DEBUG Waits - Waiting for page to load
2026-04-25 12:24:24 [main] DEBUG Waits - Page loaded successfully
2026-04-25 12:24:24 [main] INFO  Hooks - Ending Scenario: Verify user can open product
2026-04-25 12:24:25 [main] INFO  Keyword - Screenshot saved at: C:\Users\simranjeet.gujral\Downloads\SinghFramework\MyntraProject\screenshots\passed\Verify_user_can_open_product_20260425_122425.png
2026-04-25 12:24:26 [main] INFO  Keyword - Browser closed successfully
2026-04-25 12:24:26 [main] INFO  Hooks - Starting Scenario: Verify user can navigate multiple times to Topwear
2026-04-25 12:24:26 [main] INFO  Keyword - Opening browser: chrome
2026-04-25 12:24:29 [main] INFO  HomeSteps - STEP: Browser opened and home page launched
2026-04-25 12:24:29 [main] INFO  HomePage - HomePage initialized
2026-04-25 12:24:29 [main] INFO  HomePage - Navigating to Topwear section
2026-04-25 12:24:50 [main] INFO  HomePage - Popup not present
2026-04-25 12:24:50 [main] INFO  Waits - Attempting safe click on locator: By.xpath: //a[text()='Topwear']
2026-04-25 12:24:50 [main] DEBUG Waits - Pausing execution for 1 seconds
2026-04-25 12:24:51 [main] DEBUG Waits - Waiting for visibility of element: By.xpath: //a[text()='Topwear']
2026-04-25 12:24:51 [main] DEBUG Waits - Waiting for element to be clickable: By.xpath: //a[text()='Topwear']
2026-04-25 12:24:51 [main] DEBUG Waits - Scrolling to element
2026-04-25 12:24:53 [main] INFO  Waits - Click successful: By.xpath: //a[text()='Topwear']
2026-04-25 12:24:53 [main] DEBUG Waits - Waiting for page to load
2026-04-25 12:24:53 [main] DEBUG Waits - Page loaded successfully
2026-04-25 12:24:53 [main] INFO  HomePage - Navigating to Topwear section
2026-04-25 12:25:13 [main] INFO  HomePage - Popup not present
2026-04-25 12:25:13 [main] INFO  Waits - Attempting safe click on locator: By.xpath: //a[text()='Topwear']
2026-04-25 12:25:13 [main] DEBUG Waits - Pausing execution for 1 seconds
2026-04-25 12:25:14 [main] DEBUG Waits - Waiting for visibility of element: By.xpath: //a[text()='Topwear']
2026-04-25 12:25:14 [main] DEBUG Waits - Waiting for element to be clickable: By.xpath: //a[text()='Topwear']
2026-04-25 12:25:15 [main] DEBUG Waits - Scrolling to element
2026-04-25 12:25:16 [main] INFO  Waits - Click successful: By.xpath: //a[text()='Topwear']
2026-04-25 12:25:16 [main] DEBUG Waits - Waiting for page to load
2026-04-25 12:25:16 [main] DEBUG Waits - Page loaded successfully
2026-04-25 12:25:16 [main] INFO  HomePage - Current URL: https://www.myntra.com/men-topwear
2026-04-25 12:25:16 [main] INFO  Hooks - Ending Scenario: Verify user can navigate multiple times to Topwear
2026-04-25 12:25:16 [main] INFO  Keyword - Screenshot saved at: C:\Users\simranjeet.gujral\Downloads\SinghFramework\MyntraProject\screenshots\passed\Verify_user_can_navigate_multiple_times_to_Topwear_20260425_122516.png
2026-04-25 12:25:17 [main] INFO  Keyword - Browser closed successfully
2026-04-25 12:25:17 [main] INFO  Hooks - Starting Scenario: Verify products are visible after navigation
2026-04-25 12:25:17 [main] INFO  Keyword - Opening browser: chrome
2026-04-25 12:25:20 [main] INFO  HomeSteps - STEP: Browser opened and home page launched
2026-04-25 12:25:20 [main] INFO  HomePage - HomePage initialized
2026-04-25 12:25:20 [main] INFO  HomePage - Navigating to Topwear section
2026-04-25 12:25:40 [main] INFO  HomePage - Popup not present
2026-04-25 12:25:40 [main] INFO  Waits - Attempting safe click on locator: By.xpath: //a[text()='Topwear']
2026-04-25 12:25:40 [main] DEBUG Waits - Pausing execution for 1 seconds
2026-04-25 12:25:41 [main] DEBUG Waits - Waiting for visibility of element: By.xpath: //a[text()='Topwear']
2026-04-25 12:25:41 [main] DEBUG Waits - Waiting for element to be clickable: By.xpath: //a[text()='Topwear']
2026-04-25 12:25:41 [main] DEBUG Waits - Scrolling to element
2026-04-25 12:25:43 [main] INFO  Waits - Click successful: By.xpath: //a[text()='Topwear']
2026-04-25 12:25:43 [main] DEBUG Waits - Waiting for page to load
2026-04-25 12:25:43 [main] DEBUG Waits - Page loaded successfully
2026-04-25 12:25:43 [main] INFO  Hooks - Ending Scenario: Verify products are visible after navigation
2026-04-25 12:25:43 [main] INFO  Keyword - Screenshot saved at: C:\Users\simranjeet.gujral\Downloads\SinghFramework\MyntraProject\screenshots\failed\Verify_products_are_visible_after_navigation_20260425_122543.png
2026-04-25 12:25:44 [main] INFO  Keyword - Browser closed successfully
2026-04-25 12:25:44 [main] INFO  Hooks - Starting Scenario: Verify filter does not break navigation
2026-04-25 12:25:44 [main] INFO  Keyword - Opening browser: chrome
2026-04-25 12:25:48 [main] INFO  HomeSteps - STEP: Browser opened and home page launched
2026-04-25 12:25:48 [main] INFO  HomePage - HomePage initialized
2026-04-25 12:25:48 [main] INFO  HomePage - Navigating to Topwear section
2026-04-25 12:26:09 [main] INFO  HomePage - Popup not present
2026-04-25 12:26:09 [main] INFO  Waits - Attempting safe click on locator: By.xpath: //a[text()='Topwear']
2026-04-25 12:26:09 [main] DEBUG Waits - Pausing execution for 1 seconds
2026-04-25 12:26:10 [main] DEBUG Waits - Waiting for visibility of element: By.xpath: //a[text()='Topwear']
2026-04-25 12:26:10 [main] DEBUG Waits - Waiting for element to be clickable: By.xpath: //a[text()='Topwear']
2026-04-25 12:26:10 [main] DEBUG Waits - Scrolling to element
2026-04-25 12:26:15 [main] INFO  Waits - Click successful: By.xpath: //a[text()='Topwear']
2026-04-25 12:26:15 [main] DEBUG Waits - Waiting for page to load
2026-04-25 12:26:15 [main] DEBUG Waits - Page loaded successfully
2026-04-25 12:26:15 [main] INFO  HomePage - Applying filters
2026-04-25 12:26:15 [main] DEBUG Waits - Waiting for page to load
2026-04-25 12:26:15 [main] DEBUG Waits - Page loaded successfully
2026-04-25 12:26:15 [main] INFO  Waits - Attempting safe click on locator: By.xpath: //label[contains(.,'Jackets')]
2026-04-25 12:26:15 [main] DEBUG Waits - Pausing execution for 1 seconds
2026-04-25 12:26:16 [main] DEBUG Waits - Waiting for visibility of element: By.xpath: //label[contains(.,'Jackets')]
2026-04-25 12:26:16 [main] DEBUG Waits - Waiting for element to be clickable: By.xpath: //label[contains(.,'Jackets')]
2026-04-25 12:26:16 [main] DEBUG Waits - Scrolling to element
2026-04-25 12:26:16 [main] INFO  Waits - Click successful: By.xpath: //label[contains(.,'Jackets')]
2026-04-25 12:26:16 [main] INFO  Waits - Attempting safe click on locator: By.xpath: //label[contains(.,'Puma')]
2026-04-25 12:26:16 [main] DEBUG Waits - Pausing execution for 1 seconds
2026-04-25 12:26:17 [main] DEBUG Waits - Waiting for visibility of element: By.xpath: //label[contains(.,'Puma')]
2026-04-25 12:26:17 [main] DEBUG Waits - Waiting for element to be clickable: By.xpath: //label[contains(.,'Puma')]
2026-04-25 12:26:17 [main] DEBUG Waits - Scrolling to element
2026-04-25 12:26:17 [main] INFO  Waits - Click successful: By.xpath: //label[contains(.,'Puma')]
2026-04-25 12:26:17 [main] INFO  Waits - Attempting safe click on locator: By.xpath: //label[contains(.,'Roadster')]
2026-04-25 12:26:17 [main] DEBUG Waits - Pausing execution for 1 seconds
2026-04-25 12:26:18 [main] DEBUG Waits - Waiting for visibility of element: By.xpath: //label[contains(.,'Roadster')]
2026-04-25 12:26:18 [main] DEBUG Waits - Waiting for element to be clickable: By.xpath: //label[contains(.,'Roadster')]
2026-04-25 12:26:18 [main] DEBUG Waits - Scrolling to element
2026-04-25 12:26:18 [main] INFO  Waits - Click successful: By.xpath: //label[contains(.,'Roadster')]
2026-04-25 12:26:18 [main] INFO  HomePage - Filters applied successfully
2026-04-25 12:26:18 [main] INFO  HomePage - Navigating to Topwear section
2026-04-25 12:26:39 [main] INFO  HomePage - Popup not present
2026-04-25 12:26:39 [main] INFO  Waits - Attempting safe click on locator: By.xpath: //a[text()='Topwear']
2026-04-25 12:26:39 [main] DEBUG Waits - Pausing execution for 1 seconds
2026-04-25 12:26:40 [main] DEBUG Waits - Waiting for visibility of element: By.xpath: //a[text()='Topwear']
2026-04-25 12:26:40 [main] DEBUG Waits - Waiting for element to be clickable: By.xpath: //a[text()='Topwear']
2026-04-25 12:26:40 [main] DEBUG Waits - Scrolling to element
2026-04-25 12:26:42 [main] INFO  Waits - Click successful: By.xpath: //a[text()='Topwear']
2026-04-25 12:26:42 [main] DEBUG Waits - Waiting for page to load
2026-04-25 12:26:42 [main] DEBUG Waits - Page loaded successfully
2026-04-25 12:26:42 [main] INFO  HomePage - Current URL: https://www.myntra.com/men-topwear
2026-04-25 12:26:42 [main] INFO  Hooks - Ending Scenario: Verify filter does not break navigation
2026-04-25 12:26:42 [main] INFO  Keyword - Screenshot saved at: C:\Users\simranjeet.gujral\Downloads\SinghFramework\MyntraProject\screenshots\passed\Verify_filter_does_not_break_navigation_20260425_122642.png
2026-04-25 12:26:42 [main] INFO  Keyword - Browser closed successfully
2026-04-25 12:26:42 [main] INFO  Hooks - Starting Scenario: Verify repeated product click handling
2026-04-25 12:26:42 [main] INFO  Keyword - Opening browser: chrome
2026-04-25 12:26:47 [main] INFO  HomeSteps - STEP: Browser opened and home page launched
2026-04-25 12:26:47 [main] INFO  HomePage - HomePage initialized
2026-04-25 12:26:47 [main] INFO  HomePage - Navigating to Topwear section
2026-04-25 12:27:07 [main] INFO  HomePage - Popup not present
2026-04-25 12:27:08 [main] INFO  Waits - Attempting safe click on locator: By.xpath: //a[text()='Topwear']
2026-04-25 12:27:08 [main] DEBUG Waits - Pausing execution for 1 seconds
2026-04-25 12:27:09 [main] DEBUG Waits - Waiting for visibility of element: By.xpath: //a[text()='Topwear']
2026-04-25 12:27:09 [main] DEBUG Waits - Waiting for element to be clickable: By.xpath: //a[text()='Topwear']
2026-04-25 12:27:09 [main] DEBUG Waits - Scrolling to element
2026-04-25 12:27:10 [main] INFO  Waits - Click successful: By.xpath: //a[text()='Topwear']
2026-04-25 12:27:10 [main] DEBUG Waits - Waiting for page to load
2026-04-25 12:27:10 [main] DEBUG Waits - Page loaded successfully
2026-04-25 12:27:10 [main] INFO  HomePage - Opening first product
2026-04-25 12:27:10 [main] DEBUG Waits - Waiting for page to load
2026-04-25 12:27:10 [main] DEBUG Waits - Page loaded successfully
2026-04-25 12:27:10 [main] INFO  HomePage - Opening first product
2026-04-25 12:27:10 [main] DEBUG Waits - Waiting for page to load
2026-04-25 12:27:10 [main] DEBUG Waits - Page loaded successfully
2026-04-25 12:27:11 [main] INFO  Hooks - Ending Scenario: Verify repeated product click handling
2026-04-25 12:27:11 [main] INFO  Keyword - Screenshot saved at: C:\Users\simranjeet.gujral\Downloads\SinghFramework\MyntraProject\screenshots\passed\Verify_repeated_product_click_handling_20260425_122711.png
2026-04-25 12:27:12 [main] INFO  Keyword - Browser closed successfully
2026-04-25 12:27:12 [main] INFO  Hooks - Starting Scenario: Verify search functionality with valid men products
2026-04-25 12:27:12 [main] INFO  Keyword - Opening browser: chrome
2026-04-25 12:27:18 [main] INFO  HomeSteps - STEP: Searching product: t-shirt
2026-04-25 12:27:18 [main] INFO  HomePage - HomePage initialized
2026-04-25 12:27:18 [main] DEBUG HomeSteps - HomePage initialized inside step
2026-04-25 12:27:18 [main] INFO  HomePage - Entering text in search bar: t-shirt
2026-04-25 12:27:18 [main] INFO  HomePage - Pressing ENTER on search bar
2026-04-25 12:27:20 [main] DEBUG Waits - Waiting for page to load
2026-04-25 12:27:20 [main] DEBUG Waits - Page loaded successfully
2026-04-25 12:27:20 [main] INFO  HomePage - Product count: 1
2026-04-25 12:27:20 [main] INFO  Hooks - Ending Scenario: Verify search functionality with valid men products
2026-04-25 12:27:21 [main] INFO  Keyword - Screenshot saved at: C:\Users\simranjeet.gujral\Downloads\SinghFramework\MyntraProject\screenshots\passed\Verify_search_functionality_with_valid_men_products_20260425_122721.png
2026-04-25 12:27:22 [main] INFO  Keyword - Browser closed successfully
2026-04-25 12:27:22 [main] INFO  Hooks - Starting Scenario: Verify search functionality with valid men products
2026-04-25 12:27:22 [main] INFO  Keyword - Opening browser: chrome
2026-04-25 12:27:25 [main] INFO  HomeSteps - STEP: Searching product: shirt
2026-04-25 12:27:25 [main] INFO  HomePage - HomePage initialized
2026-04-25 12:27:25 [main] DEBUG HomeSteps - HomePage initialized inside step
2026-04-25 12:27:25 [main] INFO  HomePage - Entering text in search bar: shirt
2026-04-25 12:27:25 [main] INFO  HomePage - Pressing ENTER on search bar
2026-04-25 12:27:27 [main] DEBUG Waits - Waiting for page to load
2026-04-25 12:27:27 [main] DEBUG Waits - Page loaded successfully
2026-04-25 12:27:27 [main] INFO  HomePage - Product count: 1
2026-04-25 12:27:27 [main] INFO  Hooks - Ending Scenario: Verify search functionality with valid men products
2026-04-25 12:27:28 [main] INFO  Keyword - Screenshot saved at: C:\Users\simranjeet.gujral\Downloads\SinghFramework\MyntraProject\screenshots\passed\Verify_search_functionality_with_valid_men_products_20260425_122728.png
2026-04-25 12:27:28 [main] INFO  Keyword - Browser closed successfully
2026-04-25 12:27:28 [main] INFO  Hooks - Starting Scenario: Verify search functionality with valid men products
2026-04-25 12:27:28 [main] INFO  Keyword - Opening browser: chrome
2026-04-25 12:27:33 [main] INFO  HomeSteps - STEP: Searching product: jeans
2026-04-25 12:27:33 [main] INFO  HomePage - HomePage initialized
2026-04-25 12:27:33 [main] DEBUG HomeSteps - HomePage initialized inside step
2026-04-25 12:27:33 [main] INFO  HomePage - Entering text in search bar: jeans
2026-04-25 12:27:33 [main] INFO  HomePage - Pressing ENTER on search bar
2026-04-25 12:27:35 [main] DEBUG Waits - Waiting for page to load
2026-04-25 12:27:35 [main] DEBUG Waits - Page loaded successfully
2026-04-25 12:27:35 [main] INFO  HomePage - Product count: 1
2026-04-25 12:27:35 [main] INFO  Hooks - Ending Scenario: Verify search functionality with valid men products
2026-04-25 12:27:36 [main] INFO  Keyword - Screenshot saved at: C:\Users\simranjeet.gujral\Downloads\SinghFramework\MyntraProject\screenshots\passed\Verify_search_functionality_with_valid_men_products_20260425_122736.png
2026-04-25 12:27:37 [main] INFO  Keyword - Browser closed successfully
2026-04-25 12:27:37 [main] INFO  Hooks - Starting Scenario: Verify search functionality with valid men products
2026-04-25 12:27:37 [main] INFO  Keyword - Opening browser: chrome
2026-04-25 12:27:41 [main] INFO  HomeSteps - STEP: Searching product: trousers
2026-04-25 12:27:41 [main] INFO  HomePage - HomePage initialized
2026-04-25 12:27:41 [main] DEBUG HomeSteps - HomePage initialized inside step
2026-04-25 12:27:41 [main] INFO  HomePage - Entering text in search bar: trousers
2026-04-25 12:27:41 [main] INFO  HomePage - Pressing ENTER on search bar
2026-04-25 12:27:43 [main] DEBUG Waits - Waiting for page to load
2026-04-25 12:27:43 [main] DEBUG Waits - Page loaded successfully
2026-04-25 12:27:43 [main] INFO  HomePage - Product count: 1
2026-04-25 12:27:43 [main] INFO  Hooks - Ending Scenario: Verify search functionality with valid men products
2026-04-25 12:27:44 [main] INFO  Keyword - Screenshot saved at: C:\Users\simranjeet.gujral\Downloads\SinghFramework\MyntraProject\screenshots\passed\Verify_search_functionality_with_valid_men_products_20260425_122744.png
2026-04-25 12:27:44 [main] INFO  Keyword - Browser closed successfully
2026-04-25 12:27:44 [main] INFO  Hooks - Starting Scenario: Verify search functionality with valid men products
2026-04-25 12:27:44 [main] INFO  Keyword - Opening browser: chrome
2026-04-25 12:27:49 [main] INFO  HomeSteps - STEP: Searching product: jacket
2026-04-25 12:27:49 [main] INFO  HomePage - HomePage initialized
2026-04-25 12:27:49 [main] DEBUG HomeSteps - HomePage initialized inside step
2026-04-25 12:27:49 [main] INFO  HomePage - Entering text in search bar: jacket
2026-04-25 12:27:49 [main] INFO  HomePage - Pressing ENTER on search bar
2026-04-25 12:27:51 [main] DEBUG Waits - Waiting for page to load
2026-04-25 12:27:51 [main] DEBUG Waits - Page loaded successfully
2026-04-25 12:27:51 [main] INFO  HomePage - Product count: 1
2026-04-25 12:27:51 [main] INFO  Hooks - Ending Scenario: Verify search functionality with valid men products
2026-04-25 12:27:51 [main] INFO  Keyword - Screenshot saved at: C:\Users\simranjeet.gujral\Downloads\SinghFramework\MyntraProject\screenshots\passed\Verify_search_functionality_with_valid_men_products_20260425_122751.png
2026-04-25 12:27:52 [main] INFO  Keyword - Browser closed successfully
2026-04-25 12:27:52 [main] INFO  Hooks - Starting Scenario: Verify search functionality with valid men products
2026-04-25 12:27:52 [main] INFO  Keyword - Opening browser: chrome
2026-04-25 12:27:58 [main] INFO  HomeSteps - STEP: Searching product: hoodie
2026-04-25 12:27:58 [main] INFO  HomePage - HomePage initialized
2026-04-25 12:27:58 [main] DEBUG HomeSteps - HomePage initialized inside step
2026-04-25 12:27:58 [main] INFO  HomePage - Entering text in search bar: hoodie
2026-04-25 12:27:58 [main] INFO  HomePage - Pressing ENTER on search bar
2026-04-25 12:27:59 [main] DEBUG Waits - Waiting for page to load
2026-04-25 12:27:59 [main] DEBUG Waits - Page loaded successfully
2026-04-25 12:27:59 [main] INFO  HomePage - Product count: 1
2026-04-25 12:27:59 [main] INFO  Hooks - Ending Scenario: Verify search functionality with valid men products
2026-04-25 12:27:59 [main] INFO  Keyword - Screenshot saved at: C:\Users\simranjeet.gujral\Downloads\SinghFramework\MyntraProject\screenshots\passed\Verify_search_functionality_with_valid_men_products_20260425_122759.png
2026-04-25 12:28:00 [main] INFO  Keyword - Browser closed successfully
2026-04-25 12:28:00 [main] INFO  Hooks - Starting Scenario: Verify search functionality with valid men products
2026-04-25 12:28:00 [main] INFO  Keyword - Opening browser: chrome
2026-04-25 12:28:03 [main] INFO  HomeSteps - STEP: Searching product: blazer
2026-04-25 12:28:03 [main] INFO  HomePage - HomePage initialized
2026-04-25 12:28:03 [main] DEBUG HomeSteps - HomePage initialized inside step
2026-04-25 12:28:03 [main] INFO  HomePage - Entering text in search bar: blazer
2026-04-25 12:28:04 [main] INFO  HomePage - Pressing ENTER on search bar
2026-04-25 12:28:06 [main] DEBUG Waits - Waiting for page to load
2026-04-25 12:28:06 [main] DEBUG Waits - Page loaded successfully
2026-04-25 12:28:06 [main] INFO  HomePage - Product count: 1
2026-04-25 12:28:06 [main] INFO  Hooks - Ending Scenario: Verify search functionality with valid men products
2026-04-25 12:28:06 [main] INFO  Keyword - Screenshot saved at: C:\Users\simranjeet.gujral\Downloads\SinghFramework\MyntraProject\screenshots\passed\Verify_search_functionality_with_valid_men_products_20260425_122806.png
2026-04-25 12:28:07 [main] INFO  Keyword - Browser closed successfully
2026-04-25 12:28:07 [main] INFO  Hooks - Starting Scenario: Verify search functionality with valid men products
2026-04-25 12:28:07 [main] INFO  Keyword - Opening browser: chrome
2026-04-25 12:28:10 [main] INFO  HomeSteps - STEP: Searching product: kurta
2026-04-25 12:28:10 [main] INFO  HomePage - HomePage initialized
2026-04-25 12:28:10 [main] DEBUG HomeSteps - HomePage initialized inside step
2026-04-25 12:28:10 [main] INFO  HomePage - Entering text in search bar: kurta
2026-04-25 12:28:11 [main] INFO  HomePage - Pressing ENTER on search bar
2026-04-25 12:28:13 [main] DEBUG Waits - Waiting for page to load
2026-04-25 12:28:13 [main] DEBUG Waits - Page loaded successfully
2026-04-25 12:28:13 [main] INFO  HomePage - Product count: 1
2026-04-25 12:28:13 [main] INFO  Hooks - Ending Scenario: Verify search functionality with valid men products
2026-04-25 12:28:13 [main] INFO  Keyword - Screenshot saved at: C:\Users\simranjeet.gujral\Downloads\SinghFramework\MyntraProject\screenshots\passed\Verify_search_functionality_with_valid_men_products_20260425_122813.png
2026-04-25 12:28:14 [main] INFO  Keyword - Browser closed successfully
2026-04-25 12:28:14 [main] INFO  Hooks - Starting Scenario: Verify search functionality with valid men products
2026-04-25 12:28:14 [main] INFO  Keyword - Opening browser: chrome
2026-04-25 12:28:19 [main] INFO  HomeSteps - STEP: Searching product: shorts
2026-04-25 12:28:19 [main] INFO  HomePage - HomePage initialized
2026-04-25 12:28:19 [main] DEBUG HomeSteps - HomePage initialized inside step
2026-04-25 12:28:19 [main] INFO  HomePage - Entering text in search bar: shorts
2026-04-25 12:28:19 [main] INFO  HomePage - Pressing ENTER on search bar
2026-04-25 12:28:21 [main] DEBUG Waits - Waiting for page to load
2026-04-25 12:28:21 [main] DEBUG Waits - Page loaded successfully
2026-04-25 12:28:21 [main] INFO  HomePage - Product count: 1
2026-04-25 12:28:21 [main] INFO  Hooks - Ending Scenario: Verify search functionality with valid men products
2026-04-25 12:28:21 [main] INFO  Keyword - Screenshot saved at: C:\Users\simranjeet.gujral\Downloads\SinghFramework\MyntraProject\screenshots\passed\Verify_search_functionality_with_valid_men_products_20260425_122821.png
2026-04-25 12:28:22 [main] INFO  Keyword - Browser closed successfully
2026-04-25 12:28:22 [main] INFO  Hooks - Starting Scenario: Verify search functionality with valid men products
2026-04-25 12:28:22 [main] INFO  Keyword - Opening browser: chrome
2026-04-25 12:28:24 [main] INFO  HomeSteps - STEP: Searching product: track pants
2026-04-25 12:28:24 [main] INFO  HomePage - HomePage initialized
2026-04-25 12:28:24 [main] DEBUG HomeSteps - HomePage initialized inside step
2026-04-25 12:28:24 [main] INFO  HomePage - Entering text in search bar: track pants
2026-04-25 12:28:27 [main] INFO  HomePage - Pressing ENTER on search bar
2026-04-25 12:28:29 [main] DEBUG Waits - Waiting for page to load
2026-04-25 12:28:29 [main] DEBUG Waits - Page loaded successfully
2026-04-25 12:28:29 [main] INFO  HomePage - Product count: 1
2026-04-25 12:28:29 [main] INFO  Hooks - Ending Scenario: Verify search functionality with valid men products
2026-04-25 12:28:29 [main] INFO  Keyword - Screenshot saved at: C:\Users\simranjeet.gujral\Downloads\SinghFramework\MyntraProject\screenshots\passed\Verify_search_functionality_with_valid_men_products_20260425_122829.png
2026-04-25 12:28:29 [main] INFO  Keyword - Browser closed successfully
2026-04-25 12:28:29 [main] INFO  Hooks - Starting Scenario: Verify search functionality with valid men products
2026-04-25 12:28:29 [main] INFO  Keyword - Opening browser: chrome
2026-04-25 12:28:33 [main] INFO  HomeSteps - STEP: Searching product: sweatshirt
2026-04-25 12:28:33 [main] INFO  HomePage - HomePage initialized
2026-04-25 12:28:33 [main] DEBUG HomeSteps - HomePage initialized inside step
2026-04-25 12:28:33 [main] INFO  HomePage - Entering text in search bar: sweatshirt
2026-04-25 12:28:34 [main] INFO  HomePage - Pressing ENTER on search bar
2026-04-25 12:28:35 [main] DEBUG Waits - Waiting for page to load
2026-04-25 12:28:35 [main] DEBUG Waits - Page loaded successfully
2026-04-25 12:28:36 [main] INFO  HomePage - Product count: 1
2026-04-25 12:28:36 [main] INFO  Hooks - Ending Scenario: Verify search functionality with valid men products
2026-04-25 12:28:36 [main] INFO  Keyword - Screenshot saved at: C:\Users\simranjeet.gujral\Downloads\SinghFramework\MyntraProject\screenshots\passed\Verify_search_functionality_with_valid_men_products_20260425_122836.png
2026-04-25 12:28:36 [main] INFO  Keyword - Browser closed successfully
2026-04-25 12:28:36 [main] INFO  Hooks - Starting Scenario: Verify search functionality with valid men products
2026-04-25 12:28:36 [main] INFO  Keyword - Opening browser: chrome
2026-04-25 12:28:41 [main] INFO  HomeSteps - STEP: Searching product: formal shoes
2026-04-25 12:28:41 [main] INFO  HomePage - HomePage initialized
2026-04-25 12:28:41 [main] DEBUG HomeSteps - HomePage initialized inside step
2026-04-25 12:28:41 [main] INFO  HomePage - Entering text in search bar: formal shoes
2026-04-25 12:28:41 [main] INFO  HomePage - Pressing ENTER on search bar
2026-04-25 12:28:43 [main] DEBUG Waits - Waiting for page to load
2026-04-25 12:28:43 [main] DEBUG Waits - Page loaded successfully
2026-04-25 12:28:43 [main] INFO  HomePage - Product count: 1
2026-04-25 12:28:43 [main] INFO  Hooks - Ending Scenario: Verify search functionality with valid men products
2026-04-25 12:28:44 [main] INFO  Keyword - Screenshot saved at: C:\Users\simranjeet.gujral\Downloads\SinghFramework\MyntraProject\screenshots\passed\Verify_search_functionality_with_valid_men_products_20260425_122844.png
2026-04-25 12:28:45 [main] INFO  Keyword - Browser closed successfully
2026-04-25 12:28:45 [main] INFO  Hooks - Starting Scenario: Verify search functionality with valid men products
2026-04-25 12:28:45 [main] INFO  Keyword - Opening browser: chrome
2026-04-25 12:28:50 [main] INFO  HomeSteps - STEP: Searching product: casual shoes
2026-04-25 12:28:50 [main] INFO  HomePage - HomePage initialized
2026-04-25 12:28:50 [main] DEBUG HomeSteps - HomePage initialized inside step
2026-04-25 12:28:50 [main] INFO  HomePage - Entering text in search bar: casual shoes
2026-04-25 12:28:50 [main] INFO  HomePage - Pressing ENTER on search bar
2026-04-25 12:28:52 [main] DEBUG Waits - Waiting for page to load
2026-04-25 12:28:52 [main] DEBUG Waits - Page loaded successfully
2026-04-25 12:28:52 [main] INFO  HomePage - Product count: 1
2026-04-25 12:28:52 [main] INFO  Hooks - Ending Scenario: Verify search functionality with valid men products
2026-04-25 12:28:52 [main] INFO  Keyword - Screenshot saved at: C:\Users\simranjeet.gujral\Downloads\SinghFramework\MyntraProject\screenshots\passed\Verify_search_functionality_with_valid_men_products_20260425_122852.png
2026-04-25 12:28:53 [main] INFO  Keyword - Browser closed successfully
2026-04-25 12:28:53 [main] INFO  Hooks - Starting Scenario: Verify search functionality with valid men products
2026-04-25 12:28:53 [main] INFO  Keyword - Opening browser: chrome
2026-04-25 12:28:55 [main] INFO  HomeSteps - STEP: Searching product: sports shoes
2026-04-25 12:28:55 [main] INFO  HomePage - HomePage initialized
2026-04-25 12:28:55 [main] DEBUG HomeSteps - HomePage initialized inside step
2026-04-25 12:28:55 [main] INFO  HomePage - Entering text in search bar: sports shoes
2026-04-25 12:28:58 [main] INFO  HomePage - Pressing ENTER on search bar
2026-04-25 12:29:00 [main] DEBUG Waits - Waiting for page to load
2026-04-25 12:29:00 [main] DEBUG Waits - Page loaded successfully
2026-04-25 12:29:00 [main] INFO  HomePage - Product count: 1
2026-04-25 12:29:00 [main] INFO  Hooks - Ending Scenario: Verify search functionality with valid men products
2026-04-25 12:29:00 [main] INFO  Keyword - Screenshot saved at: C:\Users\simranjeet.gujral\Downloads\SinghFramework\MyntraProject\screenshots\passed\Verify_search_functionality_with_valid_men_products_20260425_122900.png
2026-04-25 12:29:03 [main] INFO  Keyword - Browser closed successfully
2026-04-25 12:29:03 [main] INFO  Hooks - Starting Scenario: Verify search functionality with valid men products
2026-04-25 12:29:03 [main] INFO  Keyword - Opening browser: chrome
2026-04-25 12:29:07 [main] INFO  HomeSteps - STEP: Searching product: sandals
2026-04-25 12:29:07 [main] INFO  HomePage - HomePage initialized
2026-04-25 12:29:07 [main] DEBUG HomeSteps - HomePage initialized inside step
2026-04-25 12:29:07 [main] INFO  HomePage - Entering text in search bar: sandals
2026-04-25 12:29:07 [main] INFO  HomePage - Pressing ENTER on search bar
2026-04-25 12:29:09 [main] DEBUG Waits - Waiting for page to load
2026-04-25 12:29:09 [main] DEBUG Waits - Page loaded successfully
2026-04-25 12:29:09 [main] INFO  HomePage - Product count: 1
2026-04-25 12:29:09 [main] INFO  Hooks - Ending Scenario: Verify search functionality with valid men products
2026-04-25 12:29:09 [main] INFO  Keyword - Screenshot saved at: C:\Users\simranjeet.gujral\Downloads\SinghFramework\MyntraProject\screenshots\passed\Verify_search_functionality_with_valid_men_products_20260425_122909.png
2026-04-25 12:29:10 [main] INFO  Keyword - Browser closed successfully
2026-04-25 12:29:10 [main] INFO  Hooks - Starting Scenario: Verify search functionality with valid men products
2026-04-25 12:29:10 [main] INFO  Keyword - Opening browser: chrome
2026-04-25 12:29:13 [main] INFO  HomeSteps - STEP: Searching product: Belts
2026-04-25 12:29:13 [main] INFO  HomePage - HomePage initialized
2026-04-25 12:29:13 [main] DEBUG HomeSteps - HomePage initialized inside step
2026-04-25 12:29:13 [main] INFO  HomePage - Entering text in search bar: Belts
2026-04-25 12:29:14 [main] INFO  HomePage - Pressing ENTER on search bar
2026-04-25 12:29:16 [main] DEBUG Waits - Waiting for page to load
2026-04-25 12:29:16 [main] DEBUG Waits - Page loaded successfully
2026-04-25 12:29:16 [main] INFO  HomePage - Product count: 1
2026-04-25 12:29:16 [main] INFO  Hooks - Ending Scenario: Verify search functionality with valid men products
2026-04-25 12:29:17 [main] INFO  Keyword - Screenshot saved at: C:\Users\simranjeet.gujral\Downloads\SinghFramework\MyntraProject\screenshots\passed\Verify_search_functionality_with_valid_men_products_20260425_122917.png
2026-04-25 12:29:18 [main] INFO  Keyword - Browser closed successfully
2026-04-25 12:29:18 [main] INFO  Hooks - Starting Scenario: Verify search functionality with valid men products
2026-04-25 12:29:18 [main] INFO  Keyword - Opening browser: chrome
2026-04-25 12:29:21 [main] INFO  HomeSteps - STEP: Searching product: Helmets
2026-04-25 12:29:21 [main] INFO  HomePage - HomePage initialized
2026-04-25 12:29:21 [main] DEBUG HomeSteps - HomePage initialized inside step
2026-04-25 12:29:21 [main] INFO  HomePage - Entering text in search bar: Helmets
2026-04-25 12:29:22 [main] INFO  HomePage - Pressing ENTER on search bar
2026-04-25 12:29:24 [main] DEBUG Waits - Waiting for page to load
2026-04-25 12:29:24 [main] DEBUG Waits - Page loaded successfully
2026-04-25 12:29:24 [main] INFO  HomePage - Product count: 1
2026-04-25 12:29:24 [main] INFO  Hooks - Ending Scenario: Verify search functionality with valid men products
2026-04-25 12:29:25 [main] INFO  Keyword - Screenshot saved at: C:\Users\simranjeet.gujral\Downloads\SinghFramework\MyntraProject\screenshots\passed\Verify_search_functionality_with_valid_men_products_20260425_122925.png
2026-04-25 12:29:25 [main] INFO  Keyword - Browser closed successfully
2026-04-25 12:29:25 [main] INFO  Hooks - Starting Scenario: Verify search functionality with valid men products
2026-04-25 12:29:25 [main] INFO  Keyword - Opening browser: chrome
2026-04-25 12:29:30 [main] INFO  HomeSteps - STEP: Searching product: Boxers
2026-04-25 12:29:30 [main] INFO  HomePage - HomePage initialized
2026-04-25 12:29:30 [main] DEBUG HomeSteps - HomePage initialized inside step
2026-04-25 12:29:30 [main] INFO  HomePage - Entering text in search bar: Boxers
2026-04-25 12:29:30 [main] INFO  HomePage - Pressing ENTER on search bar
2026-04-25 12:29:32 [main] DEBUG Waits - Waiting for page to load
2026-04-25 12:29:32 [main] DEBUG Waits - Page loaded successfully
2026-04-25 12:29:32 [main] INFO  HomePage - Product count: 1
2026-04-25 12:29:32 [main] INFO  Hooks - Ending Scenario: Verify search functionality with valid men products
2026-04-25 12:29:32 [main] INFO  Keyword - Screenshot saved at: C:\Users\simranjeet.gujral\Downloads\SinghFramework\MyntraProject\screenshots\passed\Verify_search_functionality_with_valid_men_products_20260425_122932.png
2026-04-25 12:29:32 [main] INFO  Keyword - Browser closed successfully
2026-04-25 12:29:32 [main] INFO  Hooks - Starting Scenario: Verify search with special characters
2026-04-25 12:29:32 [main] INFO  Keyword - Opening browser: chrome
2026-04-25 12:29:37 [main] INFO  HomePage - HomePage initialized
2026-04-25 12:29:37 [main] INFO  HomePage - Entering text in search bar: @#$%^&*()
2026-04-25 12:29:38 [main] INFO  HomePage - Pressing ENTER on search bar
2026-04-25 12:29:39 [main] DEBUG Waits - Waiting for page to load
2026-04-25 12:29:39 [main] DEBUG Waits - Page loaded successfully
2026-04-25 12:29:39 [main] INFO  Hooks - Ending Scenario: Verify search with special characters
2026-04-25 12:29:39 [main] INFO  Keyword - Screenshot saved at: C:\Users\simranjeet.gujral\Downloads\SinghFramework\MyntraProject\screenshots\passed\Verify_search_with_special_characters_20260425_122939.png
2026-04-25 12:29:40 [main] INFO  Keyword - Browser closed successfully
2026-04-25 12:29:40 [main] INFO  Hooks - Starting Scenario: Verify search with numbers
2026-04-25 12:29:40 [main] INFO  Keyword - Opening browser: chrome
2026-04-25 12:29:45 [main] INFO  HomePage - HomePage initialized
2026-04-25 12:29:45 [main] INFO  HomePage - Entering text in search bar: 48964596186
2026-04-25 12:29:45 [main] INFO  HomePage - Pressing ENTER on search bar
2026-04-25 12:29:46 [main] DEBUG Waits - Waiting for page to load
2026-04-25 12:29:46 [main] DEBUG Waits - Page loaded successfully
2026-04-25 12:29:46 [main] INFO  Hooks - Ending Scenario: Verify search with numbers
2026-04-25 12:29:46 [main] INFO  Keyword - Screenshot saved at: C:\Users\simranjeet.gujral\Downloads\SinghFramework\MyntraProject\screenshots\passed\Verify_search_with_numbers_20260425_122946.png
2026-04-25 12:29:47 [main] INFO  Keyword - Browser closed successfully
2026-04-25 12:29:47 [main] INFO  Hooks - Starting Scenario: Verify search with invalid text
2026-04-25 12:29:47 [main] INFO  Keyword - Opening browser: chrome
2026-04-25 12:29:51 [main] INFO  HomePage - HomePage initialized
2026-04-25 12:29:51 [main] INFO  HomePage - Entering text in search bar: xyzabc99999nonsense
2026-04-25 12:29:52 [main] INFO  HomePage - Pressing ENTER on search bar
2026-04-25 12:29:53 [main] DEBUG Waits - Waiting for page to load
2026-04-25 12:29:53 [main] DEBUG Waits - Page loaded successfully
2026-04-25 12:29:53 [main] INFO  Hooks - Ending Scenario: Verify search with invalid text
2026-04-25 12:29:53 [main] INFO  Keyword - Screenshot saved at: C:\Users\simranjeet.gujral\Downloads\SinghFramework\MyntraProject\screenshots\passed\Verify_search_with_invalid_text_20260425_122953.png
2026-04-25 12:29:54 [main] INFO  Keyword - Browser closed successfully
2026-04-25 12:29:54 [main] INFO  Hooks - Starting Scenario: Verify search suggestions
2026-04-25 12:29:54 [main] INFO  Keyword - Opening browser: chrome
2026-04-25 12:29:59 [main] INFO  HomePage - HomePage initialized
2026-04-25 12:29:59 [main] INFO  HomePage - Entering text in search bar: Shirt
2026-04-25 12:30:00 [main] INFO  Hooks - Ending Scenario: Verify search suggestions
2026-04-25 12:30:00 [main] INFO  Keyword - Screenshot saved at: C:\Users\simranjeet.gujral\Downloads\SinghFramework\MyntraProject\screenshots\passed\Verify_search_suggestions_20260425_123000.png
2026-04-25 12:30:00 [main] INFO  Keyword - Browser closed successfully
2026-04-25 12:30:00 [main] INFO  Hooks - Starting Scenario: Verify login page is displayed
2026-04-25 12:30:00 [main] INFO  Keyword - Opening browser: chrome
2026-04-25 12:30:07 [main] DEBUG Waits - Waiting for WebElement visibility
2026-04-25 12:30:07 [main] INFO  Hooks - Ending Scenario: Verify login page is displayed
2026-04-25 12:30:07 [main] INFO  Keyword - Screenshot saved at: C:\Users\simranjeet.gujral\Downloads\SinghFramework\MyntraProject\screenshots\passed\Verify_login_page_is_displayed_20260425_123007.png
2026-04-25 12:30:07 [main] INFO  Keyword - Browser closed successfully
2026-04-25 12:30:07 [main] INFO  Hooks - Starting Scenario: Verify login popup is displayed
2026-04-25 12:30:07 [main] INFO  Keyword - Opening browser: chrome
2026-04-25 12:30:14 [main] DEBUG Waits - Waiting for WebElement visibility
2026-04-25 12:30:26 [main] INFO  Hooks - Ending Scenario: Verify login popup is displayed
2026-04-25 12:30:27 [main] INFO  Keyword - Screenshot saved at: C:\Users\simranjeet.gujral\Downloads\SinghFramework\MyntraProject\screenshots\passed\Verify_login_popup_is_displayed_20260425_123027.png
2026-04-25 12:30:27 [main] INFO  Keyword - Browser closed successfully
2026-04-25 12:30:27 [main] INFO  Hooks - Starting Scenario: Verify mobile number input field is visible
2026-04-25 12:30:27 [main] INFO  Keyword - Opening browser: chrome
2026-04-25 12:30:34 [main] DEBUG Waits - Waiting for WebElement visibility
2026-04-25 12:30:34 [main] INFO  Hooks - Ending Scenario: Verify mobile number input field is visible
2026-04-25 12:30:34 [main] INFO  Keyword - Screenshot saved at: C:\Users\simranjeet.gujral\Downloads\SinghFramework\MyntraProject\screenshots\passed\Verify_mobile_number_input_field_is_visible_20260425_123034.png
2026-04-25 12:30:35 [main] INFO  Keyword - Browser closed successfully
2026-04-25 12:30:35 [main] INFO  Hooks - Starting Scenario: Verify continue button is visible
2026-04-25 12:30:35 [main] INFO  Keyword - Opening browser: chrome
2026-04-25 12:30:44 [main] DEBUG Waits - Waiting for WebElement visibility
2026-04-25 12:30:44 [main] INFO  Hooks - Ending Scenario: Verify continue button is visible
2026-04-25 12:30:44 [main] INFO  Keyword - Screenshot saved at: C:\Users\simranjeet.gujral\Downloads\SinghFramework\MyntraProject\screenshots\passed\Verify_continue_button_is_visible_20260425_123044.png
2026-04-25 12:30:44 [main] INFO  Keyword - Browser closed successfully
2026-04-25 12:30:44 [main] INFO  Hooks - Starting Scenario: Verify user can enter mobile number
2026-04-25 12:30:44 [main] INFO  Keyword - Opening browser: chrome
2026-04-25 12:30:51 [main] DEBUG Waits - Waiting for WebElement visibility
2026-04-25 12:30:51 [main] INFO  Hooks - Ending Scenario: Verify user can enter mobile number
2026-04-25 12:30:51 [main] INFO  Keyword - Screenshot saved at: C:\Users\simranjeet.gujral\Downloads\SinghFramework\MyntraProject\screenshots\passed\Verify_user_can_enter_mobile_number_20260425_123051.png
2026-04-25 12:30:52 [main] INFO  Keyword - Browser closed successfully
2026-04-25 12:30:52 [main] INFO  Hooks - Starting Scenario: Verify user can click continue button after entering number
2026-04-25 12:30:52 [main] INFO  Keyword - Opening browser: chrome
2026-04-25 12:30:58 [main] DEBUG Waits - Waiting for WebElement visibility
2026-04-25 12:30:58 [main] DEBUG Waits - Waiting for WebElement visibility
2026-04-25 12:30:58 [main] INFO  Hooks - Ending Scenario: Verify user can click continue button after entering number
2026-04-25 12:30:58 [main] INFO  Keyword - Screenshot saved at: C:\Users\simranjeet.gujral\Downloads\SinghFramework\MyntraProject\screenshots\passed\Verify_user_can_click_continue_button_after_entering_number_20260425_123058.png
2026-04-25 12:30:59 [main] INFO  Keyword - Browser closed successfully
2026-04-25 12:30:59 [main] INFO  Hooks - Starting Scenario: Verify login popup closes when user clicks outside
2026-04-25 12:30:59 [main] INFO  Keyword - Opening browser: chrome
2026-04-25 12:31:06 [main] DEBUG Waits - Waiting for WebElement visibility
2026-04-25 12:31:18 [main] INFO  Hooks - Ending Scenario: Verify login popup closes when user clicks outside
2026-04-25 12:31:18 [main] INFO  Keyword - Screenshot saved at: C:\Users\simranjeet.gujral\Downloads\SinghFramework\MyntraProject\screenshots\passed\Verify_login_popup_closes_when_user_clicks_outside_20260425_123118.png
2026-04-25 12:31:18 [main] INFO  Keyword - Browser closed successfully
2026-04-25 12:31:18 [main] INFO  Hooks - Starting Scenario: Verify login popup persists on page refresh
2026-04-25 12:31:18 [main] INFO  Keyword - Opening browser: chrome
2026-04-25 12:31:26 [main] DEBUG Waits - Waiting for WebElement visibility
2026-04-25 12:31:26 [main] DEBUG Waits - Waiting for WebElement visibility
2026-04-25 12:31:38 [main] INFO  Hooks - Ending Scenario: Verify login popup persists on page refresh
2026-04-25 12:31:38 [main] INFO  Keyword - Screenshot saved at: C:\Users\simranjeet.gujral\Downloads\SinghFramework\MyntraProject\screenshots\passed\Verify_login_popup_persists_on_page_refresh_20260425_123138.png
2026-04-25 12:31:39 [main] INFO  Keyword - Browser closed successfully
2026-04-25 12:31:39 [main] INFO  Hooks - Starting Scenario: Verify user cannot add product without selecting size
2026-04-25 12:31:39 [main] INFO  Keyword - Opening browser: chrome
2026-04-25 12:31:44 [main] DEBUG Waits - Waiting for page to load
2026-04-25 12:31:44 [main] DEBUG Waits - Page loaded successfully
2026-04-25 12:31:45 [main] DEBUG Waits - Waiting for page to load
2026-04-25 12:31:49 [main] DEBUG Waits - Page loaded successfully
2026-04-25 12:31:49 [main] DEBUG Waits - Waiting for page to load
2026-04-25 12:31:49 [main] DEBUG Waits - Page loaded successfully
2026-04-25 12:31:49 [main] INFO  Waits - Attempting safe click on WebElement
2026-04-25 12:31:49 [main] DEBUG Waits - Scrolling to element
2026-04-25 12:31:49 [main] INFO  Waits - Click successful on WebElement
2026-04-25 12:31:49 [main] INFO  Hooks - Ending Scenario: Verify user cannot add product without selecting size
2026-04-25 12:31:49 [main] INFO  Keyword - Screenshot saved at: C:\Users\simranjeet.gujral\Downloads\SinghFramework\MyntraProject\screenshots\passed\Verify_user_cannot_add_product_without_selecting_size_20260425_123149.png
2026-04-25 12:31:50 [main] INFO  Keyword - Browser closed successfully
2026-04-25 12:31:50 [main] INFO  Hooks - Starting Scenario: Verify user can select size
2026-04-25 12:31:50 [main] INFO  Keyword - Opening browser: chrome
2026-04-25 12:31:56 [main] DEBUG Waits - Waiting for page to load
2026-04-25 12:31:56 [main] DEBUG Waits - Page loaded successfully
2026-04-25 12:31:58 [main] DEBUG Waits - Waiting for page to load
2026-04-25 12:32:00 [main] DEBUG Waits - Page loaded successfully
2026-04-25 12:32:00 [main] DEBUG Waits - Waiting for page to load
2026-04-25 12:32:00 [main] DEBUG Waits - Page loaded successfully
2026-04-25 12:32:00 [main] INFO  Waits - Attempting safe click on WebElement
2026-04-25 12:32:01 [main] DEBUG Waits - Scrolling to element
2026-04-25 12:32:01 [main] INFO  Waits - Click successful on WebElement
2026-04-25 12:32:01 [main] INFO  Hooks - Ending Scenario: Verify user can select size
2026-04-25 12:32:01 [main] INFO  Keyword - Screenshot saved at: C:\Users\simranjeet.gujral\Downloads\SinghFramework\MyntraProject\screenshots\passed\Verify_user_can_select_size_20260425_123201.png
2026-04-25 12:32:02 [main] INFO  Keyword - Browser closed successfully
2026-04-25 12:32:02 [main] INFO  Hooks - Starting Scenario: Verify user can navigate to bag
2026-04-25 12:32:02 [main] INFO  Keyword - Opening browser: chrome
2026-04-25 12:32:09 [main] DEBUG Waits - Waiting for page to load
2026-04-25 12:32:09 [main] DEBUG Waits - Page loaded successfully
2026-04-25 12:32:10 [main] DEBUG Waits - Waiting for page to load
2026-04-25 12:32:12 [main] DEBUG Waits - Page loaded successfully
2026-04-25 12:32:12 [main] DEBUG Waits - Waiting for page to load
2026-04-25 12:32:12 [main] DEBUG Waits - Page loaded successfully
2026-04-25 12:32:12 [main] INFO  Waits - Attempting safe click on WebElement
2026-04-25 12:32:12 [main] DEBUG Waits - Scrolling to element
2026-04-25 12:32:13 [main] INFO  Waits - Click successful on WebElement
2026-04-25 12:32:13 [main] DEBUG Waits - Waiting for page to load
2026-04-25 12:32:13 [main] DEBUG Waits - Page loaded successfully
2026-04-25 12:32:13 [main] INFO  Waits - Attempting safe click on WebElement
2026-04-25 12:32:13 [main] DEBUG Waits - Scrolling to element
2026-04-25 12:32:14 [main] WARN  Waits - Standard click failed, trying JS click on WebElement
2026-04-25 12:32:14 [main] INFO  Waits - JS click successful on WebElement
2026-04-25 12:32:27 [main] INFO  Hooks - Ending Scenario: Verify user can navigate to bag
2026-04-25 12:32:27 [main] INFO  Keyword - Screenshot saved at: C:\Users\simranjeet.gujral\Downloads\SinghFramework\MyntraProject\screenshots\passed\Verify_user_can_navigate_to_bag_20260425_123227.png
2026-04-25 12:32:28 [main] INFO  Keyword - Browser closed successfully
2026-04-25 12:32:28 [main] INFO  Hooks - Starting Scenario: Verify multiple clicks on Add to Bag without size
2026-04-25 12:32:28 [main] INFO  Keyword - Opening browser: chrome
2026-04-25 12:32:34 [main] DEBUG Waits - Waiting for page to load
2026-04-25 12:32:34 [main] DEBUG Waits - Page loaded successfully
2026-04-25 12:32:35 [main] DEBUG Waits - Waiting for page to load
2026-04-25 12:32:37 [main] DEBUG Waits - Page loaded successfully
2026-04-25 12:32:37 [main] DEBUG Waits - Waiting for page to load
2026-04-25 12:32:37 [main] DEBUG Waits - Page loaded successfully
2026-04-25 12:32:37 [main] INFO  Waits - Attempting safe click on WebElement
2026-04-25 12:32:37 [main] DEBUG Waits - Scrolling to element
2026-04-25 12:32:38 [main] INFO  Waits - Click successful on WebElement
2026-04-25 12:32:38 [main] DEBUG Waits - Waiting for page to load
2026-04-25 12:32:38 [main] DEBUG Waits - Page loaded successfully
2026-04-25 12:32:38 [main] INFO  Waits - Attempting safe click on WebElement
2026-04-25 12:32:38 [main] DEBUG Waits - Scrolling to element
2026-04-25 12:32:38 [main] INFO  Waits - Click successful on WebElement
2026-04-25 12:32:38 [main] INFO  Hooks - Ending Scenario: Verify multiple clicks on Add to Bag without size
2026-04-25 12:32:38 [main] INFO  Keyword - Screenshot saved at: C:\Users\simranjeet.gujral\Downloads\SinghFramework\MyntraProject\screenshots\passed\Verify_multiple_clicks_on_Add_to_Bag_without_size_20260425_123238.png
2026-04-25 12:32:39 [main] INFO  Keyword - Browser closed successfully
2026-04-25 12:32:39 [main] INFO  Hooks - Starting Scenario: Verify Add to Bag button is visible
2026-04-25 12:32:39 [main] INFO  Keyword - Opening browser: chrome
2026-04-25 12:32:45 [main] DEBUG Waits - Waiting for page to load
2026-04-25 12:32:45 [main] DEBUG Waits - Page loaded successfully
2026-04-25 12:32:46 [main] DEBUG Waits - Waiting for page to load
2026-04-25 12:32:48 [main] DEBUG Waits - Page loaded successfully
2026-04-25 12:32:48 [main] INFO  Hooks - Ending Scenario: Verify Add to Bag button is visible
2026-04-25 12:32:49 [main] INFO  Keyword - Screenshot saved at: C:\Users\simranjeet.gujral\Downloads\SinghFramework\MyntraProject\screenshots\passed\Verify_Add_to_Bag_button_is_visible_20260425_123249.png
2026-04-25 12:32:49 [main] INFO  Keyword - Browser closed successfully
2026-04-25 12:32:49 [main] INFO  Hooks - Starting Scenario: Verify size options are available
2026-04-25 12:32:49 [main] INFO  Keyword - Opening browser: chrome
2026-04-25 12:32:56 [main] DEBUG Waits - Waiting for page to load
2026-04-25 12:32:56 [main] DEBUG Waits - Page loaded successfully
2026-04-25 12:32:57 [main] DEBUG Waits - Waiting for page to load
2026-04-25 12:33:00 [main] DEBUG Waits - Page loaded successfully
2026-04-25 12:33:00 [main] INFO  Hooks - Ending Scenario: Verify size options are available
2026-04-25 12:33:00 [main] INFO  Keyword - Screenshot saved at: C:\Users\simranjeet.gujral\Downloads\SinghFramework\MyntraProject\screenshots\passed\Verify_size_options_are_available_20260425_123300.png
2026-04-25 12:33:01 [main] INFO  Keyword - Browser closed successfully
